<?xml version="1.0" encoding="UTF-8"?>
<testsuite name="UserRegistrationTest" tests="16" skipped="0" failures="0" errors="0" timestamp="2021-08-06T10:41:17" hostname="KAVIYA-LAPTOP" time="0.324">
  <properties/>
  <testcase name="givenPassword_DoesNotContainsEightDigits_ReturnFalse()" classname="UserRegistrationTest" time="0.174"/>
  <testcase name="givenPhoneNumber_StartWithCountryCode_ReturnTrue()" classname="UserRegistrationTest" time="0.008"/>
  <testcase name="givenPhoneNumber_DoesNotHave10Numbers_ReturnFalse()" classname="UserRegistrationTest" time="0.005"/>
  <testcase name="givenLastName_Return_True()" classname="UserRegistrationTest" time="0.005"/>
  <testcase name="givenPassword_ShouldNotHaveOneNumericNbr_AndContainsEightDigits_ReturnFalse()" classname="UserRegistrationTest" time="0.006"/>
  <testcase name="givenPassword_ShouldHaveOneUpperCase_AndContainsEightDigits_ReturnTrue()" classname="UserRegistrationTest" time="0.004"/>
  <testcase name="givenFirstName_Return_False()" classname="UserRegistrationTest" time="0.004"/>
  <testcase name="givenFirstName_Return_True()" classname="UserRegistrationTest" time="0.004"/>
  <testcase name="givenEmail_StartsWithCapLetter_ReturnFalse()" classname="UserRegistrationTest" time="0.005"/>
  <testcase name="givenPassword_ShouldHaveOneNumericNbr_AndContainsEightDigits_ReturnTrue()" classname="UserRegistrationTest" time="0.005"/>
  <testcase name="givenEmail_EndsWithCom_ReturnTrue()" classname="UserRegistrationTest" time="0.007"/>
  <testcase name="givenPhoneNumber_DoesHave10Numbers_ReturnTrue()" classname="UserRegistrationTest" time="0.004"/>
  <testcase name="givenPassword_ShouldNotHaveOneUpperCase_AndContainsEightDigits_ReturnFalse()" classname="UserRegistrationTest" time="0.005"/>
  <testcase name="givenLastName_Return_False()" classname="UserRegistrationTest" time="0.005"/>
  <testcase name="givenPassword_ContainsEightDigits_ReturnTrue()" classname="UserRegistrationTest" time="0.011"/>
  <testcase name="givenEmail_StartsWithSmallLetter_ReturnTrue()" classname="UserRegistrationTest" time="0.005"/>
  <system-out><![CDATA[]]></system-out>
  <system-err><![CDATA[]]></system-err>
</testsuite>
