<?xml version="1.0" encoding="UTF-8"?>
<testsuite name="UserRegistrationTest" tests="2" skipped="0" failures="0" errors="0" timestamp="2021-08-05T18:59:29" hostname="KAVIYA-LAPTOP" time="0.033">
  <properties/>
  <testcase name="givenFirstName_Return_False()" classname="UserRegistrationTest" time="0.031"/>
  <testcase name="givenFirstName_Return_True()" classname="UserRegistrationTest" time="0.001"/>
  <system-out><![CDATA[]]></system-out>
  <system-err><![CDATA[]]></system-err>
</testsuite>
