<?xml version="1.0" encoding="UTF-8"?>
<testsuite name="UserRegistrationTest" tests="4" skipped="0" failures="0" errors="0" timestamp="2021-08-06T06:36:25" hostname="KAVIYA-LAPTOP" time="0.028">
  <properties/>
  <testcase name="givenLastName_Return_True()" classname="UserRegistrationTest" time="0.021"/>
  <testcase name="givenFirstName_Return_False()" classname="UserRegistrationTest" time="0.001"/>
  <testcase name="givenFirstName_Return_True()" classname="UserRegistrationTest" time="0.001"/>
  <testcase name="givenLastName_Return_False()" classname="UserRegistrationTest" time="0.001"/>
  <system-out><![CDATA[]]></system-out>
  <system-err><![CDATA[]]></system-err>
</testsuite>
