<?xml version="1.0" encoding="UTF-8"?>
<testsuite name="UserRegistrationTest" tests="18" skipped="0" failures="0" errors="0" timestamp="2021-08-06T10:46:59" hostname="KAVIYA-LAPTOP" time="0.063">
  <properties/>
  <testcase name="givenPassword_DoesNotContainsEightDigits_ReturnFalse()" classname="UserRegistrationTest" time="0.027"/>
  <testcase name="givenPhoneNumber_StartWithCountryCode_ReturnTrue()" classname="UserRegistrationTest" time="0.001"/>
  <testcase name="givenPhoneNumber_DoesNotHave10Numbers_ReturnFalse()" classname="UserRegistrationTest" time="0.001"/>
  <testcase name="givenLastName_Return_True()" classname="UserRegistrationTest" time="0.001"/>
  <testcase name="givenPassword_ShouldNotHaveOneNumericNbr_AndContainsEightDigits_ReturnFalse()" classname="UserRegistrationTest" time="0.001"/>
  <testcase name="givenPassword_ShouldHaveOneUpperCase_AndContainsEightDigits_ReturnTrue()" classname="UserRegistrationTest" time="0.001"/>
  <testcase name="givenFirstName_Return_False()" classname="UserRegistrationTest" time="0.001"/>
  <testcase name="givenFirstName_Return_True()" classname="UserRegistrationTest" time="0.001"/>
  <testcase name="givenEmail_StartsWithCapLetter_ReturnFalse()" classname="UserRegistrationTest" time="0.002"/>
  <testcase name="givenPassword_ShouldHaveOneNumericNbr_AndContainsEightDigits_ReturnTrue()" classname="UserRegistrationTest" time="0.001"/>
  <testcase name="givenEmail_EndsWithCom_ReturnTrue()" classname="UserRegistrationTest" time="0.001"/>
  <testcase name="givenPhoneNumber_DoesHave10Numbers_ReturnTrue()" classname="UserRegistrationTest" time="0.002"/>
  <testcase name="givenPassword_ShouldNotHaveOneSpecialCharcter_AndContainsEightDigits_ReturnFalse()" classname="UserRegistrationTest" time="0.0"/>
  <testcase name="givenPassword_ShouldNotHaveOneUpperCase_AndContainsEightDigits_ReturnFalse()" classname="UserRegistrationTest" time="0.001"/>
  <testcase name="givenPassword_ShouldHaveOneSpecialCharacter_AndContainsEightDigits_ReturnTrue()" classname="UserRegistrationTest" time="0.001"/>
  <testcase name="givenLastName_Return_False()" classname="UserRegistrationTest" time="0.001"/>
  <testcase name="givenPassword_ContainsEightDigits_ReturnTrue()" classname="UserRegistrationTest" time="0.001"/>
  <testcase name="givenEmail_StartsWithSmallLetter_ReturnTrue()" classname="UserRegistrationTest" time="0.0"/>
  <system-out><![CDATA[]]></system-out>
  <system-err><![CDATA[]]></system-err>
</testsuite>
